[debug] [2020-02-14T09:40:40.788Z] ----------------------------------------------------------------------
[debug] [2020-02-14T09:40:40.804Z] Command:       C:\Program Files\nodejs\node.exe C:\Users\student-cpt-026\AppData\Roaming\npm\node_modules\firebase-tools\lib\bin\firebase.js serve
[debug] [2020-02-14T09:40:40.804Z] CLI Version:   7.13.0
[debug] [2020-02-14T09:40:40.805Z] Platform:      win32
[debug] [2020-02-14T09:40:40.805Z] Node Version:  v12.16.0
[debug] [2020-02-14T09:40:40.878Z] Time:          Fri Feb 14 2020 11:40:40 GMT+0200 (South Africa Standard Time)
[debug] [2020-02-14T09:40:40.878Z] ----------------------------------------------------------------------
[debug] [2020-02-14T09:40:40.878Z] 
[debug] [2020-02-14T09:40:40.970Z] > command requires scopes: ["email","openid","https://www.googleapis.com/auth/cloudplatformprojects.readonly","https://www.googleapis.com/auth/firebase","https://www.googleapis.com/auth/cloud-platform"]
[debug] [2020-02-14T09:40:40.972Z] > authorizing via signed-in user
[debug] [2020-02-14T09:40:40.972Z] [iam] checking project isaacgingqi-1f0c2 for permissions ["firebase.projects.get"]
[debug] [2020-02-14T09:40:40.976Z] >>> HTTP REQUEST POST https://cloudresourcemanager.googleapis.com/v1/projects/isaacgingqi-1f0c2:testIamPermissions  

[debug] [2020-02-14T09:40:43.292Z] <<< HTTP RESPONSE 200
[debug] [2020-02-14T09:40:43.296Z] >>> HTTP REQUEST GET https://firebase.googleapis.com/v1beta1/projects/isaacgingqi-1f0c2  
 
[debug] [2020-02-14T09:40:44.137Z] <<< HTTP RESPONSE 200
[info] 
[info] === Serving from 'C:\Users\student-cpt-026\Pictures\Screenshots\activity'...
[info] 
[debug] [2020-02-14T09:40:44.143Z] >>> HTTP REQUEST GET https://firebase.googleapis.com/v1beta1/projects/isaacgingqi-1f0c2/webApps/-/config  
 
[debug] [2020-02-14T09:40:45.007Z] <<< HTTP RESPONSE 200
[info] i  hosting: Serving hosting files from: public
[info] +  hosting: Local server: http://localhost:5000
